2019-03-10 01:57:47,803 - flaskbp - INFO - ### flaskbp starting
2019-03-10 01:57:47,878 - flaskbp - DEBUG - DEBUG and RESET_DB values are True, refreshing DB
2019-03-10 01:57:47,879 - flaskbp - DEBUG - running refresh routine
2019-03-10 01:57:47,879 - flaskbp - DEBUG - destroying database
2019-03-10 01:57:47,948 - flaskbp - DEBUG - initializing database
2019-03-10 01:57:48,040 - flaskbp - DEBUG - creating admin user
2019-03-10 01:57:48,929 - flaskbp - INFO - ### flaskbp starting
2019-03-10 01:57:49,007 - flaskbp - DEBUG - DEBUG and RESET_DB values are True, refreshing DB
2019-03-10 01:57:49,007 - flaskbp - DEBUG - running refresh routine
2019-03-10 01:57:49,008 - flaskbp - DEBUG - destroying database
2019-03-10 01:57:49,070 - flaskbp - DEBUG - initializing database
2019-03-10 01:57:49,164 - flaskbp - DEBUG - creating admin user
2019-03-10 01:58:17,252 - flaskbp - DEBUG - redirect on catch-all path
2019-03-10 01:58:47,332 - flaskbp - DEBUG - redirect on catch-all path
2019-03-10 01:59:17,408 - flaskbp - DEBUG - redirect on catch-all path
2019-03-10 01:59:19,699 - flaskbp - INFO - flaskbp starting
2019-03-10 01:59:19,766 - flaskbp - DEBUG - DEBUG and RESET_DB values are True, refreshing DB
2019-03-10 01:59:19,767 - flaskbp - DEBUG - running refresh routine
2019-03-10 01:59:19,767 - flaskbp - DEBUG - destroying database
2019-03-10 01:59:19,836 - flaskbp - DEBUG - initializing database
2019-03-10 01:59:19,947 - flaskbp - DEBUG - creating admin user
2019-03-10 01:59:47,486 - flaskbp - DEBUG - redirect on catch-all path
2019-03-10 01:59:54,606 - flaskbp - DEBUG - redirect on catch-all path
2019-03-10 01:59:54,631 - flaskbp - DEBUG - hello world!
2019-03-10 02:00:11,234 - flaskbp - DEBUG - running refresh routine
2019-03-10 02:00:11,235 - flaskbp - DEBUG - destroying database
2019-03-10 02:00:17,572 - flaskbp - DEBUG - redirect on catch-all path
2019-03-10 02:00:47,664 - flaskbp - DEBUG - redirect on catch-all path
2019-03-10 02:01:17,759 - flaskbp - DEBUG - redirect on catch-all path
2019-03-10 02:01:47,833 - flaskbp - DEBUG - redirect on catch-all path
2019-03-10 02:02:17,913 - flaskbp - DEBUG - redirect on catch-all path
2019-03-10 02:02:46,636 - flaskbp - INFO - flaskbp starting
2019-03-10 02:02:46,709 - flaskbp - DEBUG - DEBUG and RESET_DB values are True, refreshing DB
2019-03-10 02:02:46,710 - flaskbp - DEBUG - running refresh routine
2019-03-10 02:02:46,710 - flaskbp - DEBUG - destroying database
2019-03-10 02:02:46,711 - flaskbp - DEBUG - <class 'sqlalchemy.engine.base.Engine'>
2019-03-10 02:02:46,764 - flaskbp - DEBUG - initializing database
2019-03-10 02:02:46,852 - flaskbp - DEBUG - creating admin user
2019-03-10 02:02:47,989 - flaskbp - DEBUG - redirect on catch-all path
2019-03-10 02:02:57,831 - flaskbp - DEBUG - redirect on catch-all path
2019-03-10 02:02:57,856 - flaskbp - DEBUG - hello world!
2019-03-10 02:03:03,156 - flaskbp - DEBUG - running refresh routine
2019-03-10 02:03:03,157 - flaskbp - DEBUG - destroying database
2019-03-10 02:03:03,158 - flaskbp - DEBUG - <class 'sqlalchemy.engine.base.Engine'>
2019-03-10 02:03:18,074 - flaskbp - DEBUG - redirect on catch-all path
2019-03-10 02:03:48,167 - flaskbp - DEBUG - redirect on catch-all path
2019-03-10 02:04:18,252 - flaskbp - DEBUG - redirect on catch-all path
2019-03-10 02:04:48,336 - flaskbp - DEBUG - redirect on catch-all path
